2025-04-07 17:50:55,903 - FrozAI - INFO - Starting FrozAI Data Analyst v1.0.0
2025-04-07 17:50:55,903 - FrozAI - INFO - Starting FrozAI Data Analyst...
2025-04-07 17:50:55,968 - utils.state - INFO - Session state initialized successfully
2025-04-07 17:50:55,968 - FrozAI - INFO - Checking system requirements...
2025-04-07 17:53:17,253 - FrozAI - INFO - Starting FrozAI Data Analyst v1.0.0
2025-04-07 17:53:17,253 - FrozAI - INFO - Starting FrozAI Data Analyst...
2025-04-07 17:53:17,254 - utils.state - INFO - Session state initialized successfully
2025-04-07 17:53:17,254 - FrozAI - INFO - Checking system requirements...
2025-04-07 17:53:17,279 - utils.cache - INFO - DataFrame cache cleared
2025-04-07 17:53:17,279 - utils.cache - INFO - Analysis results cache cleared
2025-04-07 17:53:17,279 - FrozAI - INFO - Processing file: creditcard.csv
2025-04-07 17:53:18,145 - FrozAI - INFO - Successfully loaded file: creditcard.csv
2025-04-07 17:53:34,973 - FrozAI - INFO - Starting FrozAI Data Analyst v1.0.0
2025-04-07 17:53:34,974 - FrozAI - INFO - Starting FrozAI Data Analyst...
2025-04-07 17:53:34,974 - FrozAI - INFO - Checking system requirements...
2025-04-07 17:53:34,994 - utils.cache - INFO - DataFrame cache cleared
2025-04-07 17:53:35,006 - utils.cache - INFO - Analysis results cache cleared
2025-04-07 17:53:35,007 - FrozAI - INFO - Processing file: creditcard.csv
2025-04-07 17:53:54,969 - FrozAI - INFO - Successfully loaded file: creditcard.csv
2025-04-07 17:57:25,136 - FrozAI - INFO - Starting FrozAI Data Analyst v1.0.0
2025-04-07 17:57:25,365 - FrozAI - INFO - Starting FrozAI Data Analyst...
2025-04-07 17:57:25,366 - FrozAI - INFO - Checking system requirements...
2025-04-07 17:57:25,461 - utils.cache - INFO - DataFrame cache cleared
2025-04-07 17:57:25,461 - utils.cache - INFO - Analysis results cache cleared
2025-04-07 17:57:25,461 - FrozAI - INFO - Processing file: creditcard.csv
2025-04-07 17:57:25,942 - FrozAI - INFO - Starting FrozAI Data Analyst v1.0.0
2025-04-07 17:57:26,174 - FrozAI - INFO - Starting FrozAI Data Analyst...
2025-04-07 17:57:29,140 - FrozAI - INFO - Starting FrozAI Data Analyst v1.0.0
2025-04-07 17:57:29,140 - FrozAI - INFO - Starting FrozAI Data Analyst...
2025-04-07 17:57:29,140 - FrozAI - INFO - Checking system requirements...
2025-04-07 17:57:29,621 - utils.cache - INFO - DataFrame cache cleared
2025-04-07 17:57:30,092 - utils.cache - INFO - Analysis results cache cleared
2025-04-07 17:57:30,318 - FrozAI - INFO - Processing file: creditcard.csv
2025-04-07 17:58:25,624 - FrozAI - INFO - Starting FrozAI Data Analyst v1.0.0
2025-04-07 17:58:25,627 - FrozAI - INFO - Starting FrozAI Data Analyst...
2025-04-07 17:58:25,628 - FrozAI - INFO - Checking system requirements...
2025-04-07 17:58:25,668 - utils.cache - INFO - DataFrame cache cleared
2025-04-07 17:58:25,670 - utils.cache - INFO - Analysis results cache cleared
2025-04-07 17:58:25,672 - FrozAI - INFO - Processing file: creditcard.csv
2025-04-07 17:59:20,671 - FrozAI - INFO - Starting FrozAI Data Analyst v1.0.0
2025-04-07 17:59:20,671 - FrozAI - INFO - Starting FrozAI Data Analyst...
2025-04-07 17:59:21,142 - FrozAI - INFO - Starting FrozAI Data Analyst v1.0.0
2025-04-07 17:59:22,894 - FrozAI - INFO - Starting FrozAI Data Analyst...
2025-04-07 17:59:24,000 - FrozAI - INFO - Starting FrozAI Data Analyst v1.0.0
2025-04-07 17:59:24,001 - FrozAI - INFO - Starting FrozAI Data Analyst v1.0.0
2025-04-07 17:59:24,001 - FrozAI - INFO - Starting FrozAI Data Analyst...
2025-04-07 17:59:24,002 - FrozAI - INFO - Starting FrozAI Data Analyst...
2025-04-07 17:59:25,101 - FrozAI - INFO - Checking system requirements...
2025-04-07 17:59:25,424 - utils.cache - INFO - DataFrame cache cleared
2025-04-07 17:59:25,426 - utils.cache - INFO - Analysis results cache cleared
2025-04-07 17:59:25,655 - FrozAI - INFO - Processing file: creditcard.csv
2025-04-07 17:59:46,464 - FrozAI - INFO - Successfully loaded file: creditcard.csv
2025-04-07 17:59:57,063 - FrozAI - ERROR - Visualization error: Image size (231116006 pixels) exceeds limit of 178956970 pixels, could be decompression bomb DOS attack.
Traceback (most recent call last):
  File "/Users/macm1pro/Documents/ai_data_analyst1/app.py", line 302, in main
    st.pyplot(sns.pairplot(df.select_dtypes(include="number")).fig)
    ~~~~~~~~~^^^^^^^^^^^^^^^^^^^^^^^^^^^^^^^^^^^^^^^^^^^^^^^^^^^^^^
  File "/Users/macm1pro/Documents/ai_data_analyst1/venv/lib/python3.13/site-packages/streamlit/runtime/metrics_util.py", line 410, in wrapped_func
    result = non_optional_func(*args, **kwargs)
  File "/Users/macm1pro/Documents/ai_data_analyst1/venv/lib/python3.13/site-packages/streamlit/elements/pyplot.py", line 125, in pyplot
    marshall(
    ~~~~~~~~^
        self.dg._get_delta_path_str(),
        ^^^^^^^^^^^^^^^^^^^^^^^^^^^^^^
    ...<4 lines>...
        **kwargs,
        ^^^^^^^^^
    )
    ^
  File "/Users/macm1pro/Documents/ai_data_analyst1/venv/lib/python3.13/site-packages/streamlit/elements/pyplot.py", line 180, in marshall
    marshall_images(
    ~~~~~~~~~~~~~~~^
        coordinates=coordinates,
        ^^^^^^^^^^^^^^^^^^^^^^^^
    ...<6 lines>...
        output_format="PNG",
        ^^^^^^^^^^^^^^^^^^^^
    )
    ^
  File "/Users/macm1pro/Documents/ai_data_analyst1/venv/lib/python3.13/site-packages/streamlit/elements/lib/image_utils.py", line 442, in marshall_images
    proto_img.url = image_to_url(
                    ~~~~~~~~~~~~^
        image, width, clamp, channels, output_format, image_id
        ^^^^^^^^^^^^^^^^^^^^^^^^^^^^^^^^^^^^^^^^^^^^^^^^^^^^^^
    )
    ^
  File "/Users/macm1pro/Documents/ai_data_analyst1/venv/lib/python3.13/site-packages/streamlit/elements/lib/image_utils.py", line 334, in image_to_url
    image_data = _ensure_image_size_and_format(image_data, width, image_format)
  File "/Users/macm1pro/Documents/ai_data_analyst1/venv/lib/python3.13/site-packages/streamlit/elements/lib/image_utils.py", line 188, in _ensure_image_size_and_format
    pil_image: PILImage = Image.open(io.BytesIO(image_data))
                          ~~~~~~~~~~^^^^^^^^^^^^^^^^^^^^^^^^
  File "/Users/macm1pro/Documents/ai_data_analyst1/venv/lib/python3.13/site-packages/PIL/Image.py", line 3511, in open
    im = _open_core(fp, filename, prefix, formats)
  File "/Users/macm1pro/Documents/ai_data_analyst1/venv/lib/python3.13/site-packages/PIL/Image.py", line 3500, in _open_core
    _decompression_bomb_check(im.size)
    ~~~~~~~~~~~~~~~~~~~~~~~~~^^^^^^^^^
  File "/Users/macm1pro/Documents/ai_data_analyst1/venv/lib/python3.13/site-packages/PIL/Image.py", line 3399, in _decompression_bomb_check
    raise DecompressionBombError(msg)
PIL.Image.DecompressionBombError: Image size (231116006 pixels) exceeds limit of 178956970 pixels, could be decompression bomb DOS attack.
2025-04-07 18:00:42,889 - FrozAI - INFO - Starting FrozAI Data Analyst v1.0.0
2025-04-07 18:00:42,890 - FrozAI - INFO - Starting FrozAI Data Analyst...
2025-04-07 18:00:42,890 - FrozAI - INFO - Checking system requirements...
2025-04-07 18:00:42,954 - utils.cache - INFO - DataFrame cache cleared
2025-04-07 18:00:42,954 - utils.cache - INFO - Analysis results cache cleared
2025-04-07 18:00:42,954 - FrozAI - INFO - Processing file: creditcard.csv
2025-04-07 18:00:43,853 - FrozAI - INFO - Successfully loaded file: creditcard.csv
2025-04-07 18:00:44,467 - FrozAI - INFO - Starting FrozAI Data Analyst v1.0.0
2025-04-07 18:00:44,467 - FrozAI - INFO - Starting FrozAI Data Analyst...
2025-04-07 18:00:44,468 - FrozAI - INFO - Checking system requirements...
2025-04-07 18:00:44,513 - utils.cache - INFO - DataFrame cache cleared
2025-04-07 18:00:44,513 - utils.cache - INFO - Analysis results cache cleared
2025-04-07 18:00:44,513 - FrozAI - INFO - Processing file: creditcard.csv
2025-04-07 18:00:50,210 - FrozAI - INFO - Successfully loaded file: creditcard.csv
