2025-04-08 16:53:02,095 - FrozAI - INFO - Starting FrozAI Data Analyst v1.0.0
2025-04-08 16:53:02,095 - FrozAI - INFO - Starting FrozAI Data Analyst...
2025-04-08 16:53:02,177 - utils.state - INFO - Session state initialized successfully
2025-04-08 16:53:02,177 - FrozAI - INFO - Checking system requirements...
2025-04-08 16:53:08,080 - FrozAI - INFO - Starting FrozAI Data Analyst v1.0.0
2025-04-08 16:53:08,080 - FrozAI - INFO - Starting FrozAI Data Analyst...
2025-04-08 16:53:08,080 - utils.state - INFO - Session state initialized successfully
2025-04-08 16:53:08,080 - FrozAI - INFO - Checking system requirements...
2025-04-08 16:53:08,100 - utils.cache - INFO - DataFrame cache cleared
2025-04-08 16:53:08,100 - utils.cache - INFO - Analysis results cache cleared
2025-04-08 16:53:08,101 - FrozAI - INFO - Processing file: creditcard.csv
2025-04-08 16:53:08,955 - FrozAI - INFO - Successfully loaded file: creditcard.csv
2025-04-08 16:53:46,348 - FrozAI - INFO - Starting FrozAI Data Analyst v1.0.0
2025-04-08 16:53:46,350 - FrozAI - INFO - Starting FrozAI Data Analyst...
2025-04-08 16:53:46,351 - FrozAI - INFO - Checking system requirements...
2025-04-08 16:53:46,398 - utils.cache - INFO - DataFrame cache cleared
2025-04-08 16:53:46,398 - utils.cache - INFO - Analysis results cache cleared
2025-04-08 16:53:46,398 - FrozAI - INFO - Processing file: creditcard.csv
2025-04-08 16:53:47,239 - FrozAI - INFO - Successfully loaded file: creditcard.csv
2025-04-08 16:54:24,917 - FrozAI - INFO - Starting FrozAI Data Analyst v1.0.0
2025-04-08 16:54:24,918 - FrozAI - INFO - Starting FrozAI Data Analyst...
2025-04-08 16:54:24,919 - FrozAI - INFO - Checking system requirements...
2025-04-08 16:54:24,994 - utils.cache - INFO - DataFrame cache cleared
2025-04-08 16:54:24,994 - utils.cache - INFO - Analysis results cache cleared
2025-04-08 16:54:24,994 - FrozAI - INFO - Processing file: creditcard.csv
2025-04-08 16:54:25,975 - FrozAI - INFO - Successfully loaded file: creditcard.csv
