2025-04-07 18:09:41,600 - FrozAI - INFO - Starting FrozAI Data Analyst v1.0.0
2025-04-07 18:09:41,600 - FrozAI - INFO - Starting FrozAI Data Analyst...
2025-04-07 18:09:41,667 - utils.state - INFO - Session state initialized successfully
2025-04-07 18:09:41,667 - FrozAI - INFO - Checking system requirements...
2025-04-07 18:10:17,805 - FrozAI - INFO - Starting FrozAI Data Analyst v1.0.0
2025-04-07 18:10:17,805 - FrozAI - INFO - Starting FrozAI Data Analyst...
2025-04-07 18:10:17,806 - utils.state - INFO - Session state initialized successfully
2025-04-07 18:10:17,806 - FrozAI - INFO - Checking system requirements...
2025-04-07 18:10:17,825 - utils.cache - INFO - DataFrame cache cleared
2025-04-07 18:10:17,825 - utils.cache - INFO - Analysis results cache cleared
2025-04-07 18:10:17,826 - FrozAI - INFO - Processing file: creditcard.csv
2025-04-07 18:10:18,652 - FrozAI - INFO - Successfully loaded file: creditcard.csv
2025-04-07 18:12:37,288 - FrozAI - INFO - Starting FrozAI Data Analyst v1.0.0
2025-04-07 18:12:37,318 - FrozAI - INFO - Starting FrozAI Data Analyst...
2025-04-07 18:12:37,351 - FrozAI - INFO - Checking system requirements...
2025-04-07 18:12:37,446 - utils.cache - INFO - DataFrame cache cleared
2025-04-07 18:12:37,447 - utils.cache - INFO - Analysis results cache cleared
2025-04-07 18:12:37,481 - FrozAI - INFO - Processing file: creditcard.csv
2025-04-07 18:28:20,749 - FrozAI - INFO - Successfully loaded file: creditcard.csv
2025-04-07 19:27:05,807 - FrozAI - INFO - Starting FrozAI Data Analyst v1.0.0
2025-04-07 19:27:05,809 - FrozAI - INFO - Starting FrozAI Data Analyst...
2025-04-07 19:27:05,809 - FrozAI - INFO - Checking system requirements...
2025-04-07 19:27:06,117 - utils.cache - INFO - DataFrame cache cleared
2025-04-07 19:27:06,121 - utils.cache - INFO - Analysis results cache cleared
2025-04-07 19:27:06,158 - FrozAI - INFO - Processing file: creditcard.csv
2025-04-07 19:56:50,417 - FrozAI - INFO - Starting FrozAI Data Analyst v1.0.0
2025-04-07 19:56:50,650 - FrozAI - INFO - Starting FrozAI Data Analyst...
2025-04-07 19:56:50,666 - FrozAI - INFO - Checking system requirements...
